[INFO ] 2013-09-20 10:47:01,797 [main] パラメータ:スレッド数=2
[INFO ] 2013-09-20 10:47:01,799 [main] パラメータ:template=conf\xml2txt.vm
[INFO ] 2013-09-20 10:47:01,990 [main] パラメータ:inputDir=C:\tisdev\workspace\XML2TXT\distribution\..\testdata\xml
[INFO ] 2013-09-20 10:47:01,990 [main] パラメータ:srcEncoding=UTF-8
[INFO ] 2013-09-20 10:47:01,990 [main] パラメータ:outputDir=C:\tisdev\workspace\XML2TXT\distribution\..\txt
[INFO ] 2013-09-20 10:47:01,990 [main] パラメータ:destEncoding=UTF-8
[INFO ] 2013-09-20 10:47:01,990 [main] パラメータ:exportToFlatFlg=true
[INFO ] 2013-09-20 10:47:01,990 [main] パラメータ:outputWithBomFlg=true
[INFO ] 2013-09-20 10:47:01,996 [main] 処理件数=27
[INFO ] 2013-09-20 10:47:01,997 [Thread-0] ワーカースレッド起動
[INFO ] 2013-09-20 10:47:01,998 [Thread-1] ワーカースレッド起動
[INFO ] 2013-09-20 10:47:02,670 [Thread-1] ワーカースレッド終了
[INFO ] 2013-09-20 10:47:02,676 [Thread-0] ワーカースレッド終了
[INFO ] 2013-09-20 10:47:03,025 [main] ファイル数=27成功=27,失敗=0,未処理=0,処理時間=1.204
[INFO ] 2013-09-20 10:47:17,466 [main] パラメータ:スレッド数=2
[INFO ] 2013-09-20 10:47:17,467 [main] パラメータ:template=conf\xml2txt.vm
[INFO ] 2013-09-20 10:47:17,566 [main] パラメータ:inputDir=C:\tisdev\workspace\XML2TXT\distribution\..\testdata\xml
[INFO ] 2013-09-20 10:47:17,566 [main] パラメータ:srcEncoding=UTF-8
[INFO ] 2013-09-20 10:47:17,566 [main] パラメータ:outputDir=C:\tisdev\workspace\XML2TXT\distribution\..\txt
[INFO ] 2013-09-20 10:47:17,566 [main] パラメータ:destEncoding=UTF-8
[INFO ] 2013-09-20 10:47:17,566 [main] パラメータ:exportToFlatFlg=true
[INFO ] 2013-09-20 10:47:17,566 [main] パラメータ:outputWithBomFlg=true
[INFO ] 2013-09-20 10:47:17,570 [main] 処理件数=27
[INFO ] 2013-09-20 10:47:17,571 [Thread-0] ワーカースレッド起動
[INFO ] 2013-09-20 10:47:17,571 [Thread-1] ワーカースレッド起動
[INFO ] 2013-09-20 10:47:17,710 [Thread-0] ワーカースレッド終了
[INFO ] 2013-09-20 10:47:17,719 [Thread-1] ワーカースレッド終了
[INFO ] 2013-09-20 10:47:18,574 [main] ファイル数=27成功=27,失敗=0,未処理=0,処理時間=1.179
[INFO ] 2013-09-20 10:47:22,521 [main] パラメータ:スレッド数=2
[INFO ] 2013-09-20 10:47:22,522 [main] パラメータ:template=conf\xml2txt.vm
[INFO ] 2013-09-20 10:47:22,622 [main] パラメータ:inputDir=C:\tisdev\workspace\XML2TXT\distribution\..\testdata\xml
[INFO ] 2013-09-20 10:47:22,622 [main] パラメータ:srcEncoding=UTF-8
[INFO ] 2013-09-20 10:47:22,622 [main] パラメータ:outputDir=C:\tisdev\workspace\XML2TXT\distribution\..\txt
[INFO ] 2013-09-20 10:47:22,622 [main] パラメータ:destEncoding=UTF-8
[INFO ] 2013-09-20 10:47:22,622 [main] パラメータ:exportToFlatFlg=true
[INFO ] 2013-09-20 10:47:22,622 [main] パラメータ:outputWithBomFlg=true
[INFO ] 2013-09-20 10:47:22,626 [main] 処理件数=27
[INFO ] 2013-09-20 10:47:22,627 [Thread-0] ワーカースレッド起動
[INFO ] 2013-09-20 10:47:22,627 [Thread-1] ワーカースレッド起動
[INFO ] 2013-09-20 10:47:22,764 [Thread-0] ワーカースレッド終了
[INFO ] 2013-09-20 10:47:22,771 [Thread-1] ワーカースレッド終了
[INFO ] 2013-09-20 10:47:23,629 [main] ファイル数=27成功=27,失敗=0,未処理=0,処理時間=1.183
[INFO ] 2013-09-20 12:57:58,966 [main] パラメータ:スレッド数=2
[INFO ] 2013-09-20 12:57:58,966 [main] パラメータ:template=conf\xml2txt.vm
[INFO ] 2013-09-20 12:57:59,872 [main] パラメータ:inputDir=C:\tisdev\workspace\XML2TXT\distribution\..\testdata\xml
[INFO ] 2013-09-20 12:57:59,873 [main] パラメータ:srcEncoding=UTF-8
[INFO ] 2013-09-20 12:57:59,873 [main] パラメータ:outputDir=C:\tisdev\workspace\XML2TXT\distribution\..\txt
[INFO ] 2013-09-20 12:57:59,873 [main] パラメータ:destEncoding=UTF-8
[INFO ] 2013-09-20 12:57:59,873 [main] パラメータ:exportToFlatFlg=true
[INFO ] 2013-09-20 12:57:59,873 [main] パラメータ:outputWithBomFlg=true
[INFO ] 2013-09-20 12:57:59,926 [main] 処理件数=27
[INFO ] 2013-09-20 12:57:59,927 [Thread-0] ワーカースレッド起動
[INFO ] 2013-09-20 12:57:59,927 [Thread-1] ワーカースレッド起動
[INFO ] 2013-09-20 12:58:01,309 [Thread-0] ワーカースレッド終了
[INFO ] 2013-09-20 12:58:01,309 [Thread-1] ワーカースレッド終了
[INFO ] 2013-09-20 12:58:01,960 [main] ファイル数=27成功=27,失敗=0,未処理=0,処理時間=6.167
[INFO ] 2013-09-20 13:06:41,713 [main] パラメータ:スレッド数=2
[INFO ] 2013-09-20 13:06:41,713 [main] パラメータ:template=conf\xml2txt.vm
[INFO ] 2013-09-20 13:06:41,816 [main] パラメータ:inputDir=C:\tisdev\workspace\XML2TXT\distribution\..\testdata\xml
[INFO ] 2013-09-20 13:06:41,816 [main] パラメータ:srcEncoding=UTF-8
[INFO ] 2013-09-20 13:06:41,816 [main] パラメータ:outputDir=C:\tisdev\workspace\XML2TXT\distribution\..\txt
[INFO ] 2013-09-20 13:06:41,816 [main] パラメータ:destEncoding=UTF-8
[INFO ] 2013-09-20 13:06:41,816 [main] パラメータ:exportToFlatFlg=true
[INFO ] 2013-09-20 13:06:41,816 [main] パラメータ:outputWithBomFlg=true
[INFO ] 2013-09-20 13:06:41,820 [main] 処理件数=27
[INFO ] 2013-09-20 13:06:41,822 [Thread-0] ワーカースレッド起動
[INFO ] 2013-09-20 13:06:41,822 [Thread-1] ワーカースレッド起動
[INFO ] 2013-09-20 13:06:42,035 [Thread-0] ワーカースレッド終了
[INFO ] 2013-09-20 13:06:42,054 [Thread-1] ワーカースレッド終了
[INFO ] 2013-09-20 13:06:42,823 [main] ファイル数=27成功=27,失敗=0,未処理=0,処理時間=1.187
[INFO ] 2013-09-20 13:07:08,444 [main] パラメータ:スレッド数=2
[INFO ] 2013-09-20 13:07:08,444 [main] パラメータ:template=conf\xml2txt.vm
[INFO ] 2013-09-20 13:07:08,633 [main] パラメータ:inputDir=C:\tisdev\workspace\XML2TXT\distribution\..\testdata\xml
[INFO ] 2013-09-20 13:07:08,633 [main] パラメータ:srcEncoding=UTF-8
[INFO ] 2013-09-20 13:07:08,633 [main] パラメータ:outputDir=C:\tisdev\workspace\XML2TXT\distribution\..\txt
[INFO ] 2013-09-20 13:07:08,634 [main] パラメータ:destEncoding=UTF-8
[INFO ] 2013-09-20 13:07:08,634 [main] パラメータ:exportToFlatFlg=true
[INFO ] 2013-09-20 13:07:08,634 [main] パラメータ:outputWithBomFlg=true
[INFO ] 2013-09-20 13:07:08,640 [main] 処理件数=27
[INFO ] 2013-09-20 13:07:08,641 [Thread-0] ワーカースレッド起動
[INFO ] 2013-09-20 13:07:08,642 [Thread-1] ワーカースレッド起動
[INFO ] 2013-09-20 13:07:08,886 [Thread-0] ワーカースレッド終了
[INFO ] 2013-09-20 13:07:08,892 [Thread-1] ワーカースレッド終了
[INFO ] 2013-09-20 13:07:09,644 [main] ファイル数=27成功=27,失敗=0,未処理=0,処理時間=1.324
[INFO ] 2013-09-20 13:07:14,855 [main] パラメータ:スレッド数=2
[INFO ] 2013-09-20 13:07:14,856 [main] パラメータ:template=conf\xml2txt.vm
[INFO ] 2013-09-20 13:07:14,968 [main] パラメータ:inputDir=C:\tisdev\workspace\XML2TXT\distribution\..\testdata\xml
[INFO ] 2013-09-20 13:07:14,968 [main] パラメータ:srcEncoding=UTF-8
[INFO ] 2013-09-20 13:07:14,968 [main] パラメータ:outputDir=C:\tisdev\workspace\XML2TXT\distribution\..\txt
[INFO ] 2013-09-20 13:07:14,968 [main] パラメータ:destEncoding=UTF-8
[INFO ] 2013-09-20 13:07:14,968 [main] パラメータ:exportToFlatFlg=true
[INFO ] 2013-09-20 13:07:14,968 [main] パラメータ:outputWithBomFlg=true
[INFO ] 2013-09-20 13:07:14,973 [main] 処理件数=27
[INFO ] 2013-09-20 13:07:14,974 [Thread-0] ワーカースレッド起動
[INFO ] 2013-09-20 13:07:14,975 [Thread-1] ワーカースレッド起動
[INFO ] 2013-09-20 13:07:15,127 [Thread-0] ワーカースレッド終了
[INFO ] 2013-09-20 13:07:15,134 [Thread-1] ワーカースレッド終了
[INFO ] 2013-09-20 13:07:15,976 [main] ファイル数=27成功=27,失敗=0,未処理=0,処理時間=1.205
[INFO ] 2013-09-20 13:08:06,424 [main] パラメータ:スレッド数=2
[INFO ] 2013-09-20 13:08:06,424 [main] パラメータ:template=conf\xml2txt.vm
[INFO ] 2013-09-20 13:08:06,536 [main] パラメータ:inputDir=C:\tisdev\workspace\XML2TXT\distribution\..\testdata\xml
[INFO ] 2013-09-20 13:08:06,536 [main] パラメータ:srcEncoding=UTF-8
[INFO ] 2013-09-20 13:08:06,536 [main] パラメータ:outputDir=C:\tisdev\workspace\XML2TXT\distribution\..\txt
[INFO ] 2013-09-20 13:08:06,536 [main] パラメータ:destEncoding=UTF-8
[INFO ] 2013-09-20 13:08:06,536 [main] パラメータ:exportToFlatFlg=true
[INFO ] 2013-09-20 13:08:06,536 [main] パラメータ:outputWithBomFlg=true
[INFO ] 2013-09-20 13:08:06,541 [main] 処理件数=28
[INFO ] 2013-09-20 13:08:06,542 [Thread-0] ワーカースレッド起動
[INFO ] 2013-09-20 13:08:06,542 [Thread-1] ワーカースレッド起動
[INFO ] 2013-09-20 13:08:06,679 [Thread-1] ワーカースレッド終了
[ERROR] 2013-09-20 13:08:06,717 [Thread-0] 変換に失敗しました。:inFile=C:\tisdev\workspace\XML2TXT\distribution\..\testdata\xml\XXXX.xml(UTF-8),outFile=C:\tisdev\workspace\XML2TXT\distribution\..\txt\XXXX.txt(UTF-8,BOM付き)
org.xml.sax.SAXParseException; lineNumber: 5; columnNumber: 28; 要素タイプ"P_dsfdsCOURSE_ID"は、対応する終了タグ"</P_dsfdsCOURSE_ID>"で終了する必要があります。
	at com.sun.org.apache.xerces.internal.parsers.DOMParser.parse(Unknown Source)
	at com.sun.org.apache.xerces.internal.jaxp.DocumentBuilderImpl.parse(Unknown Source)
	at xml2txt.Converter.convert(Converter.java:57)
	at xml2txt.ConverterThread.run(ConverterThread.java:47)
[INFO ] 2013-09-20 13:08:06,735 [Thread-0] ワーカースレッド終了
[INFO ] 2013-09-20 13:08:07,543 [main] ファイル数=28成功=27,失敗=1,未処理=0,処理時間=1.201
[INFO ] 2013-09-20 13:14:54,819 [main] パラメータ:スレッド数=2
[INFO ] 2013-09-20 13:14:54,820 [main] パラメータ:template=conf\xml2txt.vm
[INFO ] 2013-09-20 13:14:54,922 [main] パラメータ:inputDir=C:\tisdev\workspace\XML2TXT\distribution\..\testdata\kaigai
[INFO ] 2013-09-20 13:14:54,922 [main] パラメータ:srcEncoding=UTF-8
[INFO ] 2013-09-20 13:14:54,922 [main] パラメータ:outputDir=C:\tisdev\workspace\XML2TXT\distribution\..\txt
[INFO ] 2013-09-20 13:14:54,922 [main] パラメータ:destEncoding=UTF-8
[INFO ] 2013-09-20 13:14:54,922 [main] パラメータ:exportToFlatFlg=true
[INFO ] 2013-09-20 13:14:54,922 [main] パラメータ:outputWithBomFlg=true
[INFO ] 2013-09-20 13:15:37,685 [main] パラメータ:スレッド数=2
[INFO ] 2013-09-20 13:15:37,686 [main] パラメータ:template=conf\xml2txt.vm
[INFO ] 2013-09-20 13:15:37,790 [main] パラメータ:inputDir=C:\tisdev\workspace\XML2TXT\distribution\..\testdata\kaigai
[INFO ] 2013-09-20 13:15:37,790 [main] パラメータ:srcEncoding=UTF-8
[INFO ] 2013-09-20 13:15:37,790 [main] パラメータ:outputDir=C:\tisdev\workspace\XML2TXT\distribution\..\txt
[INFO ] 2013-09-20 13:15:37,790 [main] パラメータ:destEncoding=UTF-8
[INFO ] 2013-09-20 13:15:37,790 [main] パラメータ:exportToFlatFlg=true
[INFO ] 2013-09-20 13:15:37,790 [main] パラメータ:outputWithBomFlg=true
[INFO ] 2013-09-20 13:15:45,045 [main] 処理件数=20831
[INFO ] 2013-09-20 13:15:45,047 [Thread-0] ワーカースレッド起動
[INFO ] 2013-09-20 13:15:45,047 [Thread-1] ワーカースレッド起動
[INFO ] 2013-09-20 13:16:24,498 [main] パラメータ:スレッド数=20
[INFO ] 2013-09-20 13:16:24,498 [main] パラメータ:template=conf\xml2txt.vm
[INFO ] 2013-09-20 13:16:24,684 [main] パラメータ:inputDir=C:\tisdev\workspace\XML2TXT\distribution\..\testdata\kaigai
[INFO ] 2013-09-20 13:16:24,684 [main] パラメータ:srcEncoding=UTF-8
[INFO ] 2013-09-20 13:16:24,684 [main] パラメータ:outputDir=C:\tisdev\workspace\XML2TXT\distribution\..\txt
[INFO ] 2013-09-20 13:16:24,684 [main] パラメータ:destEncoding=UTF-8
[INFO ] 2013-09-20 13:16:24,684 [main] パラメータ:exportToFlatFlg=true
[INFO ] 2013-09-20 13:16:24,684 [main] パラメータ:outputWithBomFlg=true
[INFO ] 2013-09-20 13:16:29,782 [main] 処理件数=20831
[INFO ] 2013-09-20 13:16:29,783 [Thread-0] ワーカースレッド起動
[INFO ] 2013-09-20 13:16:29,784 [Thread-1] ワーカースレッド起動
[INFO ] 2013-09-20 13:16:29,784 [Thread-2] ワーカースレッド起動
[INFO ] 2013-09-20 13:16:29,784 [Thread-3] ワーカースレッド起動
[INFO ] 2013-09-20 13:16:29,784 [Thread-4] ワーカースレッド起動
[INFO ] 2013-09-20 13:16:29,784 [Thread-5] ワーカースレッド起動
[INFO ] 2013-09-20 13:16:29,785 [Thread-6] ワーカースレッド起動
[INFO ] 2013-09-20 13:16:29,786 [Thread-7] ワーカースレッド起動
[INFO ] 2013-09-20 13:16:29,787 [Thread-10] ワーカースレッド起動
[INFO ] 2013-09-20 13:16:29,787 [Thread-11] ワーカースレッド起動
[INFO ] 2013-09-20 13:16:29,788 [Thread-9] ワーカースレッド起動
[INFO ] 2013-09-20 13:16:29,789 [Thread-12] ワーカースレッド起動
[INFO ] 2013-09-20 13:16:29,789 [Thread-13] ワーカースレッド起動
[INFO ] 2013-09-20 13:16:29,789 [Thread-16] ワーカースレッド起動
[INFO ] 2013-09-20 13:16:29,789 [Thread-17] ワーカースレッド起動
[INFO ] 2013-09-20 13:16:29,790 [Thread-14] ワーカースレッド起動
[INFO ] 2013-09-20 13:16:29,790 [Thread-15] ワーカースレッド起動
[INFO ] 2013-09-20 13:16:29,790 [Thread-18] ワーカースレッド起動
[INFO ] 2013-09-20 13:16:29,790 [Thread-8] ワーカースレッド起動
[INFO ] 2013-09-20 13:16:29,790 [Thread-19] ワーカースレッド起動
[INFO ] 2013-09-20 13:17:14,183 [main] パラメータ:スレッド数=2
[INFO ] 2013-09-20 13:17:14,184 [main] パラメータ:template=conf\xml2txt.vm
[INFO ] 2013-09-20 13:17:14,287 [main] パラメータ:inputDir=C:\tisdev\workspace\XML2TXT\distribution\..\testdata\xml
[INFO ] 2013-09-20 13:17:14,287 [main] パラメータ:srcEncoding=UTF-8
[INFO ] 2013-09-20 13:17:14,287 [main] パラメータ:outputDir=C:\tisdev\workspace\XML2TXT\distribution\..\txt
[INFO ] 2013-09-20 13:17:14,287 [main] パラメータ:destEncoding=UTF-8
[INFO ] 2013-09-20 13:17:14,287 [main] パラメータ:exportToFlatFlg=true
[INFO ] 2013-09-20 13:17:14,287 [main] パラメータ:outputWithBomFlg=true
[INFO ] 2013-09-20 13:17:14,291 [main] 処理件数=28
[INFO ] 2013-09-20 13:17:14,292 [Thread-0] ワーカースレッド起動
[INFO ] 2013-09-20 13:17:14,292 [Thread-1] ワーカースレッド起動
[INFO ] 2013-09-20 13:17:14,436 [Thread-1] ワーカースレッド終了
[ERROR] 2013-09-20 13:17:14,442 [Thread-0] 変換に失敗しました。:inFile=C:\tisdev\workspace\XML2TXT\distribution\..\testdata\xml\XXXX.xml(UTF-8),outFile=C:\tisdev\workspace\XML2TXT\distribution\..\txt\XXXX.txt(UTF-8,BOM付き)
org.xml.sax.SAXParseException; lineNumber: 5; columnNumber: 28; 要素タイプ"P_dsfdsCOURSE_ID"は、対応する終了タグ"</P_dsfdsCOURSE_ID>"で終了する必要があります。
	at com.sun.org.apache.xerces.internal.parsers.DOMParser.parse(Unknown Source)
	at com.sun.org.apache.xerces.internal.jaxp.DocumentBuilderImpl.parse(Unknown Source)
	at xml2txt.Converter.convert(Converter.java:57)
	at xml2txt.ConverterThread.run(ConverterThread.java:47)
[INFO ] 2013-09-20 13:17:14,450 [Thread-0] ワーカースレッド終了
[INFO ] 2013-09-20 13:17:15,293 [main] ファイル数=28成功=27,失敗=1,未処理=0,処理時間=1.189
